{"/Users/junsupark/repos/products-services/server/db.js": {"path":"/Users/junsupark/repos/products-services/server/db.js","statementMap":{"0":{"start":{"line":1,"column":25},"end":{"line":1,"column":38}},"1":{"start":{"line":2,"column":0},"end":{"line":2,"column":27}},"2":{"start":{"line":4,"column":42},"end":{"line":4,"column":53}},"3":{"start":{"line":6,"column":20},"end":{"line":12,"column":1}},"4":{"start":{"line":14,"column":19},"end":{"line":14,"column":40}},"5":{"start":{"line":16,"column":0},"end":{"line":16,"column":28}}},"fnMap":{},"branchMap":{},"s":{"0":1,"1":1,"2":1,"3":1,"4":1,"5":1},"f":{},"b":{},"_coverageSchema":"1a1c01bbd47fc00a2c39e90264f33305004495a9","hash":"c7c4e1e6e03cc15a24fa52005c5485ce3272106c"}
}
